<?xml version="1.0" encoding="UTF-8" ?>
<testsuites name="vitest tests" tests="8" failures="0" errors="0" time="0.6746566">
    <testsuite name="src/components/chat/ChatInterface.test.tsx" timestamp="2025-05-16T18:59:20.050Z" hostname="DESKTOP-NL5NAFR" tests="8" failures="0" errors="0" skipped="0" time="0.6746566">
        <testcase classname="src/components/chat/ChatInterface.test.tsx" name="ChatInterface Component &gt; minimal test case" time="0.0014421">
        </testcase>
        <testcase classname="src/components/chat/ChatInterface.test.tsx" name="ChatInterface Component &gt; shows empty state and suggested prompts before any message is sent" time="0.1136558">
        </testcase>
        <testcase classname="src/components/chat/ChatInterface.test.tsx" name="ChatInterface Component &gt; sends message and displays user and AI messages" time="0.1878492">
            <system-out>
Parameters received from backend before calling onRecommendationsUpdated: {}

            </system-out>
        </testcase>
        <testcase classname="src/components/chat/ChatInterface.test.tsx" name="ChatInterface Component &gt; displays an error message if sending a message (after initial welcome) fails" time="0.0792465">
            <system-err>
Failed to send message: Error: Network Error
    at Object.&lt;anonymous&gt; [90m(C:\Users\gille\Documents\Projects\SmartAutoTrader\frontend\[39msrc\components\chat\ChatInterface.test.tsx:140:22[90m)[39m
    at Object.mockCall [90m(file:///C:/Users/gille/Documents/Projects/SmartAutoTrader/frontend/[39mnode_modules/[4m@vitest[24m/spy/dist/index.js:66:15[90m)[39m
    at Object.spy [as sendMessage] [90m(file:///C:/Users/gille/Documents/Projects/SmartAutoTrader/frontend/[39mnode_modules/[4mtinyspy[24m/dist/index.js:45:80[90m)[39m
    at handleSendMessage [90m(C:\Users\gille\Documents\Projects\SmartAutoTrader\frontend\[39msrc\components\chat\ChatInterface.tsx:345:27[90m)[39m

            </system-err>
        </testcase>
        <testcase classname="src/components/chat/ChatInterface.test.tsx" name="ChatInterface Component &gt; calls onRecommendationsUpdated when API response includes recommendations" time="0.0791864">
            <system-out>
Parameters received from backend before calling onRecommendationsUpdated: {
  &quot;intent&quot;: &quot;vehicleSearch&quot;
}

            </system-out>
        </testcase>
        <testcase classname="src/components/chat/ChatInterface.test.tsx" name="ChatInterface Component &gt; handles clarification needed" time="0.0735512">
        </testcase>
        <testcase classname="src/components/chat/ChatInterface.test.tsx" name="ChatInterface Component &gt; sends first message and shows user and AI response (no welcome)" time="0.0754746">
            <system-out>
Parameters received from backend before calling onRecommendationsUpdated: {}

            </system-out>
        </testcase>
        <testcase classname="src/components/chat/ChatInterface.test.tsx" name="ChatInterface Component &gt; displays error when new conversation fails" time="0.0626772">
            <system-err>
Failed to start new conversation: Error: Network Fail
    at [90mC:\Users\gille\Documents\Projects\SmartAutoTrader\frontend\[39msrc\components\chat\ChatInterface.test.tsx:275:54
    at [90mfile:///C:/Users/gille/Documents/Projects/SmartAutoTrader/frontend/[39mnode_modules/[4m@vitest[24m/runner/dist/index.js:103:11
    at [90mfile:///C:/Users/gille/Documents/Projects/SmartAutoTrader/frontend/[39mnode_modules/[4m@vitest[24m/runner/dist/index.js:596:26
    at [90mfile:///C:/Users/gille/Documents/Projects/SmartAutoTrader/frontend/[39mnode_modules/[4m@vitest[24m/runner/dist/index.js:879:20
    at new Promise (&lt;anonymous&gt;)
    at runWithTimeout [90m(file:///C:/Users/gille/Documents/Projects/SmartAutoTrader/frontend/[39mnode_modules/[4m@vitest[24m/runner/dist/index.js:852:10[90m)[39m
    at runTest [90m(file:///C:/Users/gille/Documents/Projects/SmartAutoTrader/frontend/[39mnode_modules/[4m@vitest[24m/runner/dist/index.js:1360:12[90m)[39m
    at runSuite [90m(file:///C:/Users/gille/Documents/Projects/SmartAutoTrader/frontend/[39mnode_modules/[4m@vitest[24m/runner/dist/index.js:1507:8[90m)[39m
    at runSuite [90m(file:///C:/Users/gille/Documents/Projects/SmartAutoTrader/frontend/[39mnode_modules/[4m@vitest[24m/runner/dist/index.js:1507:8[90m)[39m
    at runFiles [90m(file:///C:/Users/gille/Documents/Projects/SmartAutoTrader/frontend/[39mnode_modules/[4m@vitest[24m/runner/dist/index.js:1561:3[90m)[39m

            </system-err>
        </testcase>
    </testsuite>
</testsuites>
